This is pdfTeX, Version 3.14159265-2.6-1.40.18 (TeX Live 2017) (preloaded format=pdflatex 2017.8.21)  28 AUG 2017 11:28
entering extended mode
 restricted \write18 enabled.
 %&-line parsing enabled.
**all.tex
(./all.tex
LaTeX2e <2017-04-15>
Babel <3.12> and hyphenation patterns for 22 language(s) loaded.
(/usr/local/texlive/2016basic/texmf-dist/tex/latex/base/report.cls
Document Class: report 2014/09/29 v1.4h Standard LaTeX document class
(/usr/local/texlive/2016basic/texmf-dist/tex/latex/base/size12.clo
File: size12.clo 2014/09/29 v1.4h Standard LaTeX file (size option)
)
\c@part=\count79
\c@chapter=\count80
\c@section=\count81
\c@subsection=\count82
\c@subsubsection=\count83
\c@paragraph=\count84
\c@subparagraph=\count85
\c@figure=\count86
\c@table=\count87
\abovecaptionskip=\skip41
\belowcaptionskip=\skip42
\bibindent=\dimen102
)
(/usr/local/texlive/2016basic/texmf-dist/tex/latex/base/inputenc.sty
Package: inputenc 2015/03/17 v1.2c Input encoding file
\inpenc@prehook=\toks14
\inpenc@posthook=\toks15

(/usr/local/texlive/2016basic/texmf-dist/tex/latex/ucs/utf8x.def
File: utf8x.def 2004/10/17 UCS: Input encoding UTF-8
))
(/usr/local/texlive/2016basic/texmf-dist/tex/latex/ucs/ucs.sty
Package: ucs 2013/05/11 v2.2 UCS: Unicode input support

(/usr/local/texlive/2016basic/texmf-dist/tex/latex/ucs/data/uni-global.def
File: uni-global.def 2013/05/13 UCS: Unicode global data
)
\uc@secondtry=\count88
\uc@combtoks=\toks16
\uc@combtoksb=\toks17
\uc@temptokena=\toks18
)
(/usr/local/texlive/2016basic/texmf-dist/tex/latex/tipa/tipa.sty
Package: tipa 2002/08/08 TIPA version 1.1

(/usr/local/texlive/2016basic/texmf-dist/tex/latex/base/fontenc.sty
Package: fontenc 2017/04/05 v2.0i Standard LaTeX package

(/usr/local/texlive/2016basic/texmf-dist/tex/latex/tipa/t3enc.def
File: t3enc.def 2001/12/31 T3 encoding
)
(/usr/local/texlive/2016basic/texmf-dist/tex/latex/base/ot1enc.def
File: ot1enc.def 2017/04/05 v2.0i Standard LaTeX file
LaTeX Font Info:    Redeclaring font encoding OT1 on input line 48.
)))
(/usr/local/texlive/2016basic/texmf-dist/tex/latex/base/fontenc.sty
Package: fontenc 2017/04/05 v2.0i Standard LaTeX package

(/usr/local/texlive/2016basic/texmf-dist/tex/latex/base/t1enc.def
File: t1enc.def 2017/04/05 v2.0i Standard LaTeX file
LaTeX Font Info:    Redeclaring font encoding T1 on input line 48.
))
(/usr/local/texlive/2016basic/texmf-dist/tex/latex/preprint/fullpage.sty
Package: fullpage 1999/02/23 1.1 (PWD)
\FP@margin=\skip43
)
(./coqdoc.sty
Package: coqdoc 2002/02/11
\coqdocbaseindent=\skip44

(/usr/local/texlive/2016basic/texmf-dist/tex/generic/oberdiek/ifpdf.sty
Package: ifpdf 2017/03/15 v3.2 Provides the ifpdf switch
)
(/usr/local/texlive/2016basic/texmf-dist/tex/latex/hyperref/hyperref.sty
Package: hyperref 2017/03/14 v6.85a Hypertext links for LaTeX

(/usr/local/texlive/2016basic/texmf-dist/tex/generic/oberdiek/hobsub-hyperref.s
ty
Package: hobsub-hyperref 2016/05/16 v1.14 Bundle oberdiek, subset hyperref (HO)


(/usr/local/texlive/2016basic/texmf-dist/tex/generic/oberdiek/hobsub-generic.st
y
Package: hobsub-generic 2016/05/16 v1.14 Bundle oberdiek, subset generic (HO)
Package: hobsub 2016/05/16 v1.14 Construct package bundles (HO)
Package: infwarerr 2016/05/16 v1.4 Providing info/warning/error messages (HO)
Package: ltxcmds 2016/05/16 v1.23 LaTeX kernel commands for general use (HO)
Package: ifluatex 2016/05/16 v1.4 Provides the ifluatex switch (HO)
Package ifluatex Info: LuaTeX not detected.
Package: ifvtex 2016/05/16 v1.6 Detect VTeX and its facilities (HO)
Package ifvtex Info: VTeX not detected.
Package: intcalc 2016/05/16 v1.2 Expandable calculations with integers (HO)
Package hobsub Info: Skipping package `ifpdf' (already loaded).
Package: etexcmds 2016/05/16 v1.6 Avoid name clashes with e-TeX commands (HO)
Package etexcmds Info: Could not find \expanded.
(etexcmds)             That can mean that you are not using pdfTeX 1.50 or
(etexcmds)             that some package has redefined \expanded.
(etexcmds)             In the latter case, load this package earlier.
Package: kvsetkeys 2016/05/16 v1.17 Key value parser (HO)
Package: kvdefinekeys 2016/05/16 v1.4 Define keys (HO)
Package: pdftexcmds 2017/03/19 v0.25 Utility functions of pdfTeX for LuaTeX (HO
)
Package pdftexcmds Info: LuaTeX not detected.
Package pdftexcmds Info: \pdf@primitive is available.
Package pdftexcmds Info: \pdf@ifprimitive is available.
Package pdftexcmds Info: \pdfdraftmode found.
Package: pdfescape 2016/05/16 v1.14 Implements pdfTeX's escape features (HO)
Package: bigintcalc 2016/05/16 v1.4 Expandable calculations on big integers (HO
)
Package: bitset 2016/05/16 v1.2 Handle bit-vector datatype (HO)
Package: uniquecounter 2016/05/16 v1.3 Provide unlimited unique counter (HO)
)
Package hobsub Info: Skipping package `hobsub' (already loaded).
Package: letltxmacro 2016/05/16 v1.5 Let assignment for LaTeX macros (HO)
Package: hopatch 2016/05/16 v1.3 Wrapper for package hooks (HO)
Package: xcolor-patch 2016/05/16 xcolor patch
Package: atveryend 2016/05/16 v1.9 Hooks at the very end of document (HO)
Package atveryend Info: \enddocument detected (standard20110627).
Package: atbegshi 2016/06/09 v1.18 At begin shipout hook (HO)
Package: refcount 2016/05/16 v3.5 Data extraction from label references (HO)
Package: hycolor 2016/05/16 v1.8 Color options for hyperref/bookmark (HO)
) (/usr/local/texlive/2016basic/texmf-dist/tex/latex/graphics/keyval.sty
Package: keyval 2014/10/28 v1.15 key=value parser (DPC)
\KV@toks@=\toks19
)
(/usr/local/texlive/2016basic/texmf-dist/tex/generic/ifxetex/ifxetex.sty
Package: ifxetex 2010/09/12 v0.6 Provides ifxetex conditional
)
(/usr/local/texlive/2016basic/texmf-dist/tex/latex/oberdiek/auxhook.sty
Package: auxhook 2016/05/16 v1.4 Hooks for auxiliary files (HO)
)
(/usr/local/texlive/2016basic/texmf-dist/tex/latex/oberdiek/kvoptions.sty
Package: kvoptions 2016/05/16 v3.12 Key value format for package options (HO)
)
\@linkdim=\dimen103
\Hy@linkcounter=\count89
\Hy@pagecounter=\count90

(/usr/local/texlive/2016basic/texmf-dist/tex/latex/hyperref/pd1enc.def
File: pd1enc.def 2017/03/14 v6.85a Hyperref: PDFDocEncoding definition (HO)
)
\Hy@SavedSpaceFactor=\count91

(/usr/local/texlive/2016basic/texmf-dist/tex/latex/latexconfig/hyperref.cfg
File: hyperref.cfg 2002/06/06 v1.2 hyperref configuration of TeXLive
)
Package hyperref Info: Hyper figures OFF on input line 4498.
Package hyperref Info: Link nesting OFF on input line 4503.
Package hyperref Info: Hyper index ON on input line 4506.
Package hyperref Info: Plain pages OFF on input line 4513.
Package hyperref Info: Backreferencing OFF on input line 4518.
Package hyperref Info: Implicit mode ON; LaTeX internals redefined.
Package hyperref Info: Bookmarks ON on input line 4751.
\c@Hy@tempcnt=\count92

(/usr/local/texlive/2016basic/texmf-dist/tex/latex/url/url.sty
\Urlmuskip=\muskip10
Package: url 2013/09/16  ver 3.4  Verb mode for urls, etc.
)
LaTeX Info: Redefining \url on input line 5104.
\XeTeXLinkMargin=\dimen104
\Fld@menulength=\count93
\Field@Width=\dimen105
\Fld@charsize=\dimen106
Package hyperref Info: Hyper figures OFF on input line 6358.
Package hyperref Info: Link nesting OFF on input line 6363.
Package hyperref Info: Hyper index ON on input line 6366.
Package hyperref Info: backreferencing OFF on input line 6373.
Package hyperref Info: Link coloring OFF on input line 6378.
Package hyperref Info: Link coloring with OCG OFF on input line 6383.
Package hyperref Info: PDF/A mode OFF on input line 6388.
LaTeX Info: Redefining \ref on input line 6428.
LaTeX Info: Redefining \pageref on input line 6432.
\Hy@abspage=\count94
\c@Item=\count95
\c@Hfootnote=\count96
)

Package hyperref Message: Driver (autodetected): hpdftex.

(/usr/local/texlive/2016basic/texmf-dist/tex/latex/hyperref/hpdftex.def
File: hpdftex.def 2017/03/14 v6.85a Hyperref driver for pdfTeX
\Fld@listcount=\count97
\c@bookmark@seq@number=\count98

(/usr/local/texlive/2016basic/texmf-dist/tex/latex/oberdiek/rerunfilecheck.sty
Package: rerunfilecheck 2016/05/16 v1.8 Rerun checks for auxiliary files (HO)
Package uniquecounter Info: New unique counter `rerunfilecheck' on input line 2
82.
)
\Hy@SectionHShift=\skip45
)
Package hyperref Info: Option `raiselinks' set `true' on input line 113.
Package hyperref Info: Option `colorlinks' set `true' on input line 113.
 (/usr/local/texlive/2016basic/texmf-dist/tex/latex/tools/xr.sty
Package: xr 1994/05/28 v5.02 eXternal References (DPC)
))
(/usr/local/texlive/2016basic/texmf-dist/tex/latex/amsmath/amsmath.sty
Package: amsmath 2016/11/05 v2.16a AMS math features
\@mathmargin=\skip46

For additional information on amsmath, use the `?' option.
(/usr/local/texlive/2016basic/texmf-dist/tex/latex/amsmath/amstext.sty
Package: amstext 2000/06/29 v2.01 AMS text

(/usr/local/texlive/2016basic/texmf-dist/tex/latex/amsmath/amsgen.sty
File: amsgen.sty 1999/11/30 v2.0 generic functions
\@emptytoks=\toks20
\ex@=\dimen107
))
(/usr/local/texlive/2016basic/texmf-dist/tex/latex/amsmath/amsbsy.sty
Package: amsbsy 1999/11/29 v1.2d Bold Symbols
\pmbraise@=\dimen108
)
(/usr/local/texlive/2016basic/texmf-dist/tex/latex/amsmath/amsopn.sty
Package: amsopn 2016/03/08 v2.02 operator names
)
\inf@bad=\count99
LaTeX Info: Redefining \frac on input line 213.
\uproot@=\count100
\leftroot@=\count101
LaTeX Info: Redefining \overline on input line 375.
\classnum@=\count102
\DOTSCASE@=\count103
LaTeX Info: Redefining \ldots on input line 472.
LaTeX Info: Redefining \dots on input line 475.
LaTeX Info: Redefining \cdots on input line 596.
\Mathstrutbox@=\box26
\strutbox@=\box27
\big@size=\dimen109
LaTeX Font Info:    Redeclaring font encoding OML on input line 712.
LaTeX Font Info:    Redeclaring font encoding OMS on input line 713.
\macc@depth=\count104
\c@MaxMatrixCols=\count105
\dotsspace@=\muskip11
\c@parentequation=\count106
\dspbrk@lvl=\count107
\tag@help=\toks21
\row@=\count108
\column@=\count109
\maxfields@=\count110
\andhelp@=\toks22
\eqnshift@=\dimen110
\alignsep@=\dimen111
\tagshift@=\dimen112
\tagwidth@=\dimen113
\totwidth@=\dimen114
\lineht@=\dimen115
\@envbody=\toks23
\multlinegap=\skip47
\multlinetaggap=\skip48
\mathdisplay@stack=\toks24
LaTeX Info: Redefining \[ on input line 2817.
LaTeX Info: Redefining \] on input line 2818.
)
(/usr/local/texlive/2016basic/texmf-dist/tex/latex/amsfonts/amssymb.sty
Package: amssymb 2013/01/14 v3.01 AMS font symbols

(/usr/local/texlive/2016basic/texmf-dist/tex/latex/amsfonts/amsfonts.sty
Package: amsfonts 2013/01/14 v3.01 Basic AMSFonts support
\symAMSa=\mathgroup4
\symAMSb=\mathgroup5
LaTeX Font Info:    Overwriting math alphabet `\mathfrak' in version `bold'
(Font)                  U/euf/m/n --> U/euf/b/n on input line 106.
))
(/usr/local/texlive/2016basic/texmf-dist/tex/latex/enumitem/enumitem.sty
Package: enumitem 2011/09/28 v3.5.2 Customized lists
\labelindent=\skip49
\enit@outerparindent=\dimen116
\enit@toks=\toks25
\enit@inbox=\box28
\enitdp@description=\count111
)
(./all.aux)
\openout1 = `all.aux'.

LaTeX Font Info:    Checking defaults for OML/cmm/m/it on input line 19.
LaTeX Font Info:    ... okay on input line 19.
LaTeX Font Info:    Checking defaults for T1/cmr/m/n on input line 19.
LaTeX Font Info:    ... okay on input line 19.
LaTeX Font Info:    Checking defaults for OT1/cmr/m/n on input line 19.
LaTeX Font Info:    ... okay on input line 19.
LaTeX Font Info:    Checking defaults for OMS/cmsy/m/n on input line 19.
LaTeX Font Info:    ... okay on input line 19.
LaTeX Font Info:    Checking defaults for OMX/cmex/m/n on input line 19.
LaTeX Font Info:    ... okay on input line 19.
LaTeX Font Info:    Checking defaults for U/cmr/m/n on input line 19.
LaTeX Font Info:    ... okay on input line 19.
LaTeX Font Info:    Checking defaults for T3/cmr/m/n on input line 19.
LaTeX Font Info:    Try loading font information for T3+cmr on input line 19.
 (/usr/local/texlive/2016basic/texmf-dist/tex/latex/tipa/t3cmr.fd
File: t3cmr.fd 2001/12/31 TIPA font definitions
)
LaTeX Font Info:    ... okay on input line 19.
LaTeX Font Info:    Checking defaults for PD1/pdf/m/n on input line 19.
LaTeX Font Info:    ... okay on input line 19.

(/usr/local/texlive/2016basic/texmf-dist/tex/latex/ucs/ucsencs.def
File: ucsencs.def 2011/01/21 Fixes to fontencodings LGR, T3
T3\textscriptg already defined.

fontencoding T3 patched
)
\AtBeginShipoutBox=\box29
 (/usr/local/texlive/2016basic/texmf-dist/tex/latex/graphics/color.sty
Package: color 2016/07/10 v1.1e Standard LaTeX Color (DPC)

(/usr/local/texlive/2016basic/texmf-dist/tex/latex/graphics-cfg/color.cfg
File: color.cfg 2016/01/02 v1.6 sample color configuration
)
Package color Info: Driver file: pdftex.def on input line 147.

(/usr/local/texlive/2016basic/texmf-dist/tex/latex/graphics-def/pdftex.def
File: pdftex.def 2017/06/24 v1.0g Graphics/color driver for pdftex

(/usr/local/texlive/2016basic/texmf-dist/tex/context/base/mkii/supp-pdf.mkii
[Loading MPS to PDF converter (version 2006.09.02).]
\scratchcounter=\count112
\scratchdimen=\dimen117
\scratchbox=\box30
\nofMPsegments=\count113
\nofMParguments=\count114
\everyMPshowfont=\toks26
\MPscratchCnt=\count115
\MPscratchDim=\dimen118
\MPnumerator=\count116
\makeMPintoPDFobject=\count117
\everyMPtoPDFconversion=\toks27
)))
Package hyperref Info: Link coloring ON on input line 19.
 (/usr/local/texlive/2016basic/texmf-dist/tex/latex/hyperref/nameref.sty
Package: nameref 2016/05/21 v2.44 Cross-referencing by name of section

(/usr/local/texlive/2016basic/texmf-dist/tex/generic/oberdiek/gettitlestring.st
y
Package: gettitlestring 2016/05/16 v1.5 Cleanup title references (HO)
)
\c@section@level=\count118
)
LaTeX Info: Redefining \ref on input line 19.
LaTeX Info: Redefining \pageref on input line 19.
LaTeX Info: Redefining \nameref on input line 19.
 (./all.out) (./all.out)
\@outlinefile=\write3
\openout3 = `all.out'.

 (./all.toc
LaTeX Font Info:    Try loading font information for T1+cmss on input line 1.

(/usr/local/texlive/2016basic/texmf-dist/tex/latex/base/t1cmss.fd
File: t1cmss.fd 2014/09/29 v2.5h Standard LaTeX font definitions
)
LaTeX Font Info:    Try loading font information for U+msa on input line 2.

(/usr/local/texlive/2016basic/texmf-dist/tex/latex/amsfonts/umsa.fd
File: umsa.fd 2013/01/14 v3.01 AMS symbols A
)
LaTeX Font Info:    Try loading font information for U+msb on input line 2.

(/usr/local/texlive/2016basic/texmf-dist/tex/latex/amsfonts/umsb.fd
File: umsb.fd 2013/01/14 v3.01 AMS symbols B
) [1


{/usr/local/texlive/2016basic/texmf-var/fonts/map/pdftex/updmap/pdftex.map}]
LaTeX Font Info:    Try loading font information for T1+cmtt on input line 88.

(/usr/local/texlive/2016basic/texmf-dist/tex/latex/base/t1cmtt.fd
File: t1cmtt.fd 2014/09/29 v2.5h Standard LaTeX font definitions
) [2] [3]
[4] [5] [6] [7] [8] [9] [10] [11] [12] [13])
\tf@toc=\write4
\openout4 = `all.toc'.

 [14]
Chapter 1.
[15


]
Chapter 2.
[16


] [17] [18] [19] [20] [21] [22] [23] [24]
Chapter 3.

Overfull \hbox (48.81834pt too wide) in paragraph at lines 750--758
\T1/cmtt/m/n/12 ##########################PLEASEDONOTDISTRIBUTESOLUTIONSPUBLICL
Y#|  
 []

[25


] [26] [27] [28] [29] [30] [31] [32] [33] [34] [35] [36] [37] [38] [39]
[40] [41] [42] [43] [44] [45] [46]
Chapter 4.
[47


] [48] [49] [50] [51] [52] [53] [54] [55]
Overfull \hbox (4.48894pt too wide) in paragraph at lines 3905--3908
 []\T1/cmr/bx/n/12 Exercise: 3 stars, rec-om-mend-edM (bi-nary[]commute)[] \T1/
cmr/m/n/12 Re-call the \T1/cmr/m/it/12 incr \T1/cmr/m/n/12 and \T1/cmr/m/it/12 
bin[]to[]nat
 []

[56] [57]
Chapter 5.
[58


] [59] [60] [61] [62] [63] [64] [65] [66] [67] [68] [69] [70]
LaTeX Font Info:    Font shape `T1/cmtt/bx/n' in size <14.4> not available
(Font)              Font shape `T1/cmtt/m/n' tried instead on input line 5621.
 [71] [72]
Overfull \hbox (7.93999pt too wide) in paragraph at lines 5910--5921
\T1/cmr/m/n/12 find that the dif-fi-culty of the proof de-pends on how you de-f
ined \T1/cmss/m/n/12 count\T1/cmr/m/n/12 !)  \T1/cmtt/m/n/12 (* FILLINHERE*)
 []

[73] [74] [75] [76] [77]
Chapter 6.
[78


] [79] [80] [81] [82] [83] [84] [85] [86] [87] [88] [89] [90] [91] [92]
[93] [94] [95] [96] [97]
Chapter 7.
LaTeX Font Info:    Font shape `T1/cmtt/bx/n' in size <17.28> not available
(Font)              Font shape `T1/cmtt/m/n' tried instead on input line 8549.
[98


] [99] [100] [101] [102] [103] [104] [105] [106] [107] [108] [109] [110]
[111] [112] [113] [114] [115] [116] [117]
Chapter 8.
[118


] [119] [120] [121] [122] [123] [124] [125] [126] [127] [128] [129]
[130] [131] [132]
Overfull \hbox (6.94234pt too wide) in paragraph at lines 12445--12450
 []\T1/cmr/bx/n/12 Exercise: 3 stars (com-bine[]odd[]even)[] \T1/cmr/m/n/12 Com
-plete the def-i-ni-tion of the \T1/cmss/m/n/12 com-bine[]odd[]even
 []

[133] [134] [135] [136] [137] [138] [139] [140] [141] [142] [143] [144]
Chapter 9.
[145


] [146] [147] [148] [149] [150] [151] [152] [153] [154] [155] [156]
[157] [158] [159] [160] [161] [162] [163]
Overfull \hbox (17.42441pt too wide) in paragraph at lines 15657--15665
[]\T1/cmr/m/n/12 But now, al-though we get seven cases (as we would ex-pect fro
m the def-i-ni-tion of \T1/cmss/bx/n/12 exp[]match\T1/cmr/m/n/12 ),
 []


Overfull \hbox (1.53265pt too wide) in paragraph at lines 15702--15704
[]\T1/cmr/m/n/12 (In this re-spect, \T1/cmtt/m/n/12 induction \T1/cmr/m/n/12 on
 ev-i-dence be-haves more like \T1/cmtt/m/n/12 destruct \T1/cmr/m/n/12 than lik
e \T1/cmtt/m/n/12 inversion\T1/cmr/m/n/12 .) 
 []

[164] [165] [166] [167] [168] [169] [170] [171] [172] [173] [174]
Chapter 10.
[175


] [176] [177] [178] [179] [180] [181]
Chapter 11.
[182


] [183] [184] [185] [186] [187] [188] [189] [190] [191] [192]
Chapter 12.
[193


] [194] [195] [196]
Overfull \hbox (79.89398pt too wide) in paragraph at lines 19010--19017
[][][][][][][][][][][][][][][][][][][][][] \T1/cmr/m/n/12 -> [][][][][][][][][]
[][][][][][][][][][][][] ) -> [][][][][][][][][][][][][][][][][][][][][][][][][
][][][][][][][][][][][][][][][][]
 []

[197] [198]
Overfull \hbox (15.00827pt too wide) in paragraph at lines 19404--19409
 []\T1/cmr/bx/n/12 Exercise: 1 star, op-tional (plus[]explicit[]prop)[] \T1/cmr
/m/n/12 Rewrite both \T1/cmss/m/n/12 plus[]assoc' \T1/cmr/m/n/12 and \T1/cmss/m
/n/12 plus[]comm'
 []

[199] [200] [201] [202] [203] [204]
Chapter 13.
[205


] [206] [207] [208] [209] [210] [211] [212]
Chapter 14.
[213


] [214] [215] [216]
LaTeX Font Info:    Font shape `T1/cmtt/bx/n' in size <12> not available
(Font)              Font shape `T1/cmtt/m/n' tried instead on input line 21330.

 [217] [218] [219] [220] [221] [222] [223] [224]
[225] [226] [227] [228] [229] [230] [231] [232] [233] [234] [235] [236]
[237] [238] [239] [240] [241] [242] [243]
Overfull \hbox (27.21896pt too wide) in paragraph at lines 24326--24327
 []\T1/cmr/bx/n/12 Exercise: 4 stars, ad-vanced, op-tional (ce-val[]determinist
ic)[] \T1/cmtt/m/n/12 Theorem \T1/cmr/m/it/12 ce-val[]deterministic\T1/cmr/m/n/
12 :
 []

[244] [245]
Chapter 15.
[246


] [247] [248] [249] [250] [251] [252] [253] [254] [255] [256] [257]
Chapter 16.
[258


] [259] [260] [261] [262] [263]
Overfull \hbox (0.72946pt too wide) in paragraph at lines 26247--26253
 []\T1/cmr/bx/n/12 Exercise: 4 stars (ce-val[]step[][]ceval[]inf)[] \T1/cmr/m/n
/12 Write an in-for-mal proof of \T1/cmss/m/n/12 ce-val[]step[][]ceval\T1/cmr/m
/n/12 ,
 []

[264] [265] [266]
Chapter 17.
[267


]
Overfull \hbox (2.45818pt too wide) in paragraph at lines 26653--26654
\T1/cmr/m/n/12 "(* If this ap-pears, you're us-ing Ascii in-ter-nals. Please do
n't *) (fun (b0,b1,b2,b3,b4,b5,b6,b7)
 []

[268] [269]
Chapter 18.
[270


] [271] [272] [273] [274] [275] [276] [277] [278] [279] [280] [281]
[282] [283] [284] [285] [286] [287] [288]
Overfull \hbox (63.29385pt too wide) in paragraph at lines 28817--28819
[]\T1/cmr/m/n/12 By the sound-ness of con-stant fold-ing for arith-metic ex-pre
s-sions (Lemma \T1/cmss/m/n/12 fold[]constants[]aexp[]sound\T1/cmr/m/n/12 ),
 []


Overfull \hbox (24.30199pt too wide) in paragraph at lines 28884--28886
[]\T1/cmr/m/n/12 But the sound-ness of con-stant fold-ing for arith-metic ex-pr
es-sions (\T1/cmss/m/n/12 fold[]constants[]aexp[]sound\T1/cmr/m/n/12 )
 []


Overfull \hbox (9.61339pt too wide) in paragraph at lines 28888--28890
[]\T1/cmr/m/n/12 aeval st a1 = ae-val st (fold[]constants[]aexp a1) ae-val st a
2 = ae-val st (fold[]constants[]aexp
 []

[289] [290]
Overfull \hbox (7.50728pt too wide) in paragraph at lines 29189--29192
[]\T1/cmr/m/n/12 Then de-fine an op-ti-mizer on com-mands that first folds con-
stants (us-ing \T1/cmss/m/n/12 fold[]constants[]com\T1/cmr/m/n/12 )
 []

[291] [292] [293]
Overfull \hbox (12.01257pt too wide) in paragraph at lines 29553--29555
[]\T1/cmr/m/n/12 Using \T1/cmss/bx/n/12 var[]not[]used[]in[]aexp\T1/cmr/m/n/12 
, for-mal-ize and prove a cor-rect ver-son of \T1/cmss/m/n/12 subst[]equiv[]pro
perty\T1/cmr/m/n/12 .
 []


Underfull \hbox (badness 10000) in paragraph at lines 29553--29555

 []

[294] [295] [296] [297] [298] [299] [300] [301]
Chapter 19.
[302


] [303] [304] [305] [306] [307] [308] [309]
Overfull \hbox (15.7633pt too wide) in paragraph at lines 30945--30947
[]\T1/cmr/m/n/12 ...into for-mal state-ments (use the names \T1/cmr/m/it/12 ass
n[]sub[]ex1 \T1/cmr/m/n/12 and \T1/cmr/m/it/12 assn[]sub[]ex2\T1/cmr/m/n/12 ) a
nd use \T1/cmss/m/n/12 hoare[]asgn
 []

[310] [311] [312] [313]
Overfull \hbox (42.70631pt too wide) in paragraph at lines 31289--31295
[]\T1/cmr/m/n/12 This is an-noy-ing, both be-cause the as-ser-tion is a bit lon
g and also be-cause, in \T1/cmss/m/n/12 hoare[]asgn[]example1\T1/cmr/m/n/12 ,
 []

[314]
Overfull \hbox (3.28038pt too wide) in paragraph at lines 31437--31438
 []\T1/cmr/bx/n/12 Exercise: 2 starsM (hoare[]asgn[]examples[]2)[] \T1/cmr/m/n/
12 Trans-late these in-for-mal Hoare triples... 
 []

[315]
Overfull \hbox (8.79279pt too wide) in paragraph at lines 31444--31447
[]\T1/cmr/m/n/12 ...into for-mal state-ments (name them \T1/cmr/m/it/12 assn[]s
ub[]ex1' \T1/cmr/m/n/12 and \T1/cmr/m/it/12 assn[]sub[]ex2'\T1/cmr/m/n/12 ) and
 use \T1/cmss/m/n/12 hoare[]asgn
 []

[316] [317] [318] [319] [320] [321] [322] [323] [324] [325] [326] [327]
[328] [329] [330] [331]
Chapter 20.
[332


] [333] [334] [335] [336] [337] [338] [339] [340] [341] [342] [343]
[344] [345] [346] [347] [348] [349] [350] [351] [352] [353] [354] [355]
[356] [357] [358] [359] [360] [361] [362] [363] [364] [365] [366] [367]
[368] [369]
Chapter 21.
[370


]
Overfull \hbox (52.67528pt too wide) in paragraph at lines 36656--36659
[]\T1/cmr/m/n/12 We don't need to in-clude ax-ioms cor-re-spond-ing to \T1/cmss
/m/n/12 hoare[]consequence[]pre \T1/cmr/m/n/12 or \T1/cmss/m/n/12 hoare[]conseq
uence[]post\T1/cmr/m/n/12 ,
 []

[371] [372] [373] [374] [375] [376]
Chapter 22.
[377


] [378] [379] [380] [381] [382] [383] [384] [385] [386] [387] [388]
[389] [390]
Overfull \hbox (12.82205pt too wide) in paragraph at lines 38674--38676
[]\T1/cmr/m/n/12 Write an ex-tra clause for the step re-la-tion that achieves t
his ef-fect and prove \T1/cmss/m/n/12 bool[]step[]prop4\T1/cmr/m/n/12 .
 []


Underfull \hbox (badness 10000) in paragraph at lines 38674--38676

 []

[391]
Overfull \hbox (5.34114pt too wide) in paragraph at lines 38867--38870
[]\T1/cmr/m/n/12 (In the \T1/cmss/m/n/12 Rel \T1/cmr/m/n/12 chap-ter and the Co
q stan-dard li-brary, this re-la-tion is called \T1/cmss/bx/n/12 clos[]refl[]tr
ans[]1n\T1/cmr/m/n/12 .
 []

[392] [393] [394] [395] [396] [397] [398] [399] [400] [401] [402] [403]
[404] [405] [406] [407] [408] [409]
Chapter 23.
[410


] [411] [412] [413] [414] [415] [416] [417] [418] [419] [420] [421]
[422] [423]
Chapter 24.
[424


] [425] [426] [427] [428]
Overfull \hbox (94.37206pt too wide) in paragraph at lines 42569--42570
 []\T1/cmr/bx/n/12 Exercise: 1 star, op-tional (succ[]hastype[]nat[][]hastype[]
nat)[] \T1/cmtt/m/n/12 Example \T1/cmr/m/it/12 succ[]hastype[]nat[][]hastype[]n
at
 []

[429] [430] [431] [432] [433] [434] [435] [436] [437]
Chapter 25.
[438


] [439] [440] [441] [442] [443] [444] [445] [446] [447] [448] [449]
[450] [451] [452]
Chapter 26.
[453


] [454] [455] [456] [457]
Overfull \hbox (14.3284pt too wide) in paragraph at lines 45498--45499
 []\T1/cmr/bx/n/12 Exercise: 2 stars, op-tional (ty-pable[]empty[][]closed)[] \
T1/cmtt/m/n/12 Corollary \T1/cmr/m/it/12 ty-pable[]empty[][]closed
 []

[458] [459] [460] [461] [462] [463] [464]
Overfull \hbox (0.13145pt too wide) in paragraph at lines 46249--46254
 []\T1/cmr/bx/n/12 Exercise: 2 starsM (stlc[]variation3)[] \T1/cmr/m/n/12 Sup-p
ose in-stead that we re-move the rule \T1/cmss/m/n/12 ST[]App1
 []

[465] [466] [467] [468] [469]
Chapter 27.

Overfull \hbox (28.16185pt too wide) in paragraph at lines 46633--46633
[]\T1/cmr/bx/n/17.28 MoreStlc: More on the Sim-ply Typed Lambda-Calculus 
 []

[470


] [471] [472] [473] [474] [475] [476] [477] [478] [479] [480]
Overfull \hbox (67.34953pt too wide) in paragraph at lines 47792--47798
\T1/cmr/m/n/12 b=3} ----> {unit,3,5} {f=8,c=5,a=7} ----> {7,unit,5,unit,unit,8}
 {f=8,c=5} ----> {unit,unit,5,unit,unit,8} 
 []

[481] [482] [483] [484] [485] [486] [487] [488] [489] [490] [491] [492]
[493] [494] [495] [496] [497] [498] [499] [500] [501] [502] [503] [504]
[505] [506] [507] [508] [509] [510]
Chapter 28.
[511


] [512] [513] [514]
Overfull \hbox (4.57848pt too wide) in paragraph at lines 52496--52501
[]\T1/cmr/m/n/12 Third, sub-typ-ing can re-order fields. For ex-am-ple, we want
 {\T1/cmr/m/it/12 name\T1/cmr/m/n/12 :\T1/cmss/m/n/12 String\T1/cmr/m/n/12 , \T
1/cmr/m/it/12 gpa\T1/cmr/m/n/12 :\T1/cmss/m/n/12 Nat\T1/cmr/m/n/12 , \T1/cmr/m/
it/12 age\T1/cmr/m/n/12 :\T1/cmss/m/n/12 Nat\T1/cmr/m/n/12 }
 []

[515] [516]
Overfull \hbox (21.85799pt too wide) in paragraph at lines 52691--52693
[]\T1/cmr/m/n/12 -------------------------------------------------- (S[]RcdPerm
) {i1:S1...in:Sn} <: {j1:T1...jn:Tn} 
 []

[517] [518] [519] [520] [521] [522] [523] [524] [525]
Overfull \hbox (10.83804pt too wide) in paragraph at lines 53642--53648
 []\T1/cmr/bx/n/12 Exercise: 1 star, op-tional (typ-ing[]example[]0)[] \T1/cmtt
/m/n/12 (* empty|-((\z:A.z),(\z:B.z))|  
 []


Overfull \hbox (170.49905pt too wide) in paragraph at lines 53670--53680
 []\T1/cmr/bx/n/12 Exercise: 2 stars, op-tional (typ-ing[]example[]1)[] \T1/cmt
t/m/n/12 (* empty|-(\x:(Top*B->B).x.snd)((\z:A.z),(\z:B.z))|  
 []


Overfull \hbox (158.15207pt too wide) in paragraph at lines 53700--53709
 []\T1/cmr/bx/n/12 Exercise: 2 stars, op-tional (typ-ing[]example[]2)[] \T1/cmt
t/m/n/12 (* empty|-(\z:(C->C)->(Top*B->B).(z(\x:C.x)).snd)|  
 []

[526] [527]
Overfull \hbox (94.88614pt too wide) in paragraph at lines 53875--53876
 []\T1/cmr/bx/n/12 Exercise: 3 stars, op-tional (canon-i-cal[]forms[]of[]arrow[
]types)[] \T1/cmtt/m/n/12 Lemma \T1/cmr/m/it/12 canon-i-cal[]forms[]of[]arrow[]
types
 []

[528] [529] [530] [531] [532] [533] [534] [535] [536] [537] [538] [539]
[540] [541]
Chapter 29.
[542


] [543] [544] [545] [546] [547] [548] [549] [550]
Chapter 30.
[551


] [552] [553] [554] [555] [556] [557] [558] [559] [560] [561] [562]
[563] [564] [565] [566] [567] [568]
Chapter 31.
[569


] [570] [571] [572] [573] [574] [575] [576] [577] [578] [579] [580]
[581] [582] [583] [584] [585] [586] [587] [588] [589] [590] [591] [592]
[593] [594] [595] [596] [597] [598] [599] [600] [601] [602] [603] [604]
Chapter 32.
[605


]
Overfull \hbox (1.5841pt too wide) in paragraph at lines 62470--62479
[]\T1/cmr/m/it/12 An in-ter-est-ing tech-ni-cal ques-tion is whether the ba-sic
 prop-er-ties of the sys-tem \T1/cmr/m/n/12 -- \T1/cmtt/m/n/12 progress
 []

[606] [607] [608] [609] [610] [611] [612] [613] [614] [615] [616]
Overfull \hbox (40.03703pt too wide) in paragraph at lines 63712--63713
 []\T1/cmr/bx/n/12 Exercise: 3 stars (canon-i-cal[]forms[]of[]arrow[]types)[] \
T1/cmtt/m/n/12 Lemma \T1/cmr/m/it/12 canon-i-cal[]forms[]of[]arrow[]types
 []

[617] [618] [619] [620] [621] [622] [623] [624]
Overfull \hbox (17.86362pt too wide) in paragraph at lines 64699--64705
[]\T1/cmr/m/n/12 By the def-i-ni-tion of the step re-la-tion, \T1/cmr/m/it/12 t
 \T1/cmr/m/n/12 must have stepped by \T1/cmss/m/n/12 ST[]Rcd[]Head \T1/cmr/m/n/
12 or \T1/cmss/m/n/12 ST[]Rcd[]Tail\T1/cmr/m/n/12 .
 []

[625]
Chapter 33.
[626


] [627] [628] [629] [630] [631] [632] [633] [634] [635] [636] [637]
[638] [639] [640] [641] [642] [643] [644] [645] [646] [647]
Overfull \hbox (48.21849pt too wide) in paragraph at lines 67293--67310
\T1/cmtt/m/n/12 (* Weneedtogeneralizethehypothesisabitbeforesettinguptheinducti
on.*)
 []


Overfull \hbox (41.44514pt too wide) in paragraph at lines 67345--67360
\T1/cmtt/m/n/12 (* We'llneedvariantsofthefollowingfactseveraltimes,soitssimples
tto|  
 []

[648] [649] [650]
Chapter 34.
[651


]
Overfull \hbox (5.6039pt too wide) in paragraph at lines 67626--67631
\T1/cmtt/m/n/12 (* ************************************************************
***********)
 []

[652] [653] [654] [655] [656]
Overfull \hbox (12.02455pt too wide) in paragraph at lines 68104--68115
\T1/cmtt/m/n/12 (* Noteforapossiblealternativeimplementationoftheltac[]database
[]token:|  
 []

[657] [658] [659] [660] [661] [662]
Overfull \hbox (3.37184pt too wide) in paragraph at lines 68740--68741
\T1/cmtt/m/n/12 Tactic Notation \T1/cmr/m/n/12 "ltac[]action[]at" \T1/cmtt/m/n/
12 constr\T1/cmr/m/n/12 (\T1/cmr/m/it/12 K\T1/cmr/m/n/12 ) "of" \T1/cmtt/m/n/12
 constr\T1/cmr/m/n/12 (\T1/cmr/m/it/12 E\T1/cmr/m/n/12 ) "in" \T1/cmr/m/it/12 h
yp\T1/cmr/m/n/12 (\T1/cmr/m/it/12 H\T1/cmr/m/n/12 ) "do" \T1/cmr/m/it/12 tac-ti
c\T1/cmr/m/n/12 (\T1/cmr/m/it/12 Tac\T1/cmr/m/n/12 )
 []


Overfull \hbox (5.6039pt too wide) in paragraph at lines 68817--68822
\T1/cmtt/m/n/12 (* ************************************************************
***********)
 []


Overfull \hbox (10.24187pt too wide) in paragraph at lines 68829--68829
[]\T1/cmr/bx/n/17.28 Common Tac-tics for Sim-pli-fy-ing Goals Like \T1/cmtt/m/n
/17.28 intuition 
 []

[663]
Overfull \hbox (5.6039pt too wide) in paragraph at lines 68870--68875
\T1/cmtt/m/n/12 (* ************************************************************
***********)
 []

[664] [665] [666] [667] [668] [669] [670] [671]
Overfull \hbox (19.37515pt too wide) in paragraph at lines 69761--69778
\T1/cmtt/m/n/12 firstlet \T1/cmtt/m/it/12 U \T1/cmtt/m/n/12 := \T1/cmtt/m/it/12
 boxerlist[]next[]type vs' \T1/cmtt/m/n/12 in match \T1/cmtt/m/it/12 U \T1/cmtt
/m/n/12 with $\OMS/cmsy/m/n/12 j$ \T1/cmtt/m/it/12 ltac[]wild $\OMS/cmsy/m/n/12
 )$
 []


Overfull \hbox (5.53618pt too wide) in paragraph at lines 69761--69778
\T1/cmtt/m/n/12 match \T1/cmtt/m/it/12 T \T1/cmtt/m/n/12 with $\OMS/cmsy/m/n/12
 j$ \T1/cmtt/m/n/12 ?\T1/cmtt/m/it/12 P $\OMS/cmsy/m/n/12 !$ \T1/cmtt/m/n/12 ?\
T1/cmtt/m/it/12 Q $\OMS/cmsy/m/n/12 )$ \T1/cmtt/m/n/12 first [ \T1/cmtt/m/it/12
 app[]assert t P cont' $\OMS/cmsy/m/n/12 j$ \T1/cmtt/m/n/12 fail 3 ] $\OMS/cmsy
/m/n/12 j$ $8$ []\T1/cmtt/m/n/12 :?\T1/cmtt/m/it/12 A\T1/cmtt/m/n/12 ,
 []


Overfull \hbox (157.1906pt too wide) in paragraph at lines 69761--69778
[] $\OMS/cmsy/m/n/12 )$ \T1/cmtt/m/n/12 first [ \T1/cmtt/m/it/12 app[]evar t A 
cont' $\OMS/cmsy/m/n/12 j$ \T1/cmtt/m/n/12 fail 3 ] end $\OMS/cmsy/m/n/12 j$ []
 $)$ \T1/cmtt/m/n/12 match \T1/cmtt/m/it/12 T \T1/cmtt/m/n/12 with shouldtestTf
orunifiability*)
 []

[672]

! LaTeX Error: \begin{coqdoccode} on input line 69498 ended by \end{coqdoccomme
nt}.

See the LaTeX manual or LaTeX Companion for explanation.
Type  H <return>  for immediate help.
 ...                                              
                                                  
l.69825 \end{coqdoccomment}
                           
? I
insert>'

! LaTeX Error: \begin{document} ended by \end{coqdoccode}.

See the LaTeX manual or LaTeX Companion for explanation.
Type  H <return>  for immediate help.
 ...                                              
                                                  
l.69874 \end{coqdoccode}
                        
? '
Type <return> to proceed, S to scroll future error messages,
R to run without stopping, Q to run quietly,
I to insert something, E to edit your file,
1 or ... or 9 to ignore the next 1 to 9 tokens of input,
H for help, X to quit.
? 
! Extra \endgroup.
<recently read> \endgroup 
                          
l.69874 \end{coqdoccode}
                        
? 
[673] [674] [675] [676] [677] [678] [679] [680] [681] [682] [683]
Overfull \hbox (5.6039pt too wide) in paragraph at lines 70922--70927
\T1/cmtt/m/n/12 (* ************************************************************
***********)
 []

[684] [685] [686] [687] [688] [689] [690]
Overfull \hbox (5.6039pt too wide) in paragraph at lines 71599--71604
\T1/cmtt/m/n/12 (* ************************************************************
***********)
 []

[691] [692]
Overfull \hbox (51.62639pt too wide) in paragraph at lines 71868--71882
\T1/cmr/m/n/12 reductions com-pared with the orig-i-nal \T1/cmtt/m/n/12 change 
\T1/cmr/m/n/12 tac-tic.  \T1/cmtt/m/n/12 (* TODO:support"changes(E1=E2)"*)
 []

[693] [694] [695] [696] [697] [698] [699]
Overfull \hbox (5.6039pt too wide) in paragraph at lines 72502--72507
\T1/cmtt/m/n/12 (* ************************************************************
***********)
 []

[700] [701] [702] [703] [704] [705] [706] [707] [708] [709]
Overfull \hbox (5.6039pt too wide) in paragraph at lines 73443--73448
\T1/cmtt/m/n/12 (* ************************************************************
***********)
 []

[710] [711]
Overfull \hbox (5.6039pt too wide) in paragraph at lines 73589--73594
\T1/cmtt/m/n/12 (* ************************************************************
***********)
 []


Overfull \hbox (5.6039pt too wide) in paragraph at lines 73641--73646
\T1/cmtt/m/n/12 (* ************************************************************
***********)
 []


Overfull \hbox (5.6039pt too wide) in paragraph at lines 73670--73675
\T1/cmtt/m/n/12 (* ************************************************************
***********)
 []

[712]
Overfull \hbox (5.6039pt too wide) in paragraph at lines 73724--73729
\T1/cmtt/m/n/12 (* ************************************************************
***********)
 []

[713] [714] [715] [716] [717] [718]
Overfull \hbox (5.6039pt too wide) in paragraph at lines 74363--74368
\T1/cmtt/m/n/12 (* ************************************************************
***********)
 []


Overfull \hbox (5.6039pt too wide) in paragraph at lines 74398--74403
\T1/cmtt/m/n/12 (* ************************************************************
***********)
 []

[719] [720] [721] [722]
Overfull \hbox (19.3377pt too wide) in paragraph at lines 74747--74748
\T1/cmtt/m/n/12 Tactic Notation \T1/cmr/m/n/12 "ap-plys[]eq" "^^C" \T1/cmtt/m/n
/12 constr\T1/cmr/m/n/12 (\T1/cmr/m/it/12 H\T1/cmr/m/n/12 ) \T1/cmtt/m/n/12 con
str\T1/cmr/m/n/12 (\T1/cmr/m/it/12 n1\T1/cmr/m/n/12 ) \T1/cmtt/m/n/12 constr\T1
/cmr/m/n/12 (\T1/cmr/m/it/12 n2\T1/cmr/m/n/12 ) \T1/cmtt/m/n/12 constr\T1/cmr/m
/n/12 (\T1/cmr/m/it/12 n3\T1/cmr/m/n/12 ) \T1/cmtt/m/n/12 constr\T1/cmr/m/n/12 
(\T1/cmr/m/it/12 n4\T1/cmr/m/n/12 )
 []

[723]
Overfull \hbox (1.91045pt too wide) in paragraph at lines 74822--74823
\T1/cmtt/m/n/12 Tactic Notation \T1/cmr/m/n/12 "false" "^^C" \T1/cmtt/m/n/12 co
nstr\T1/cmr/m/n/12 (\T1/cmr/m/it/12 E0\T1/cmr/m/n/12 ) \T1/cmtt/m/n/12 constr\T
1/cmr/m/n/12 (\T1/cmr/m/it/12 E1\T1/cmr/m/n/12 ) \T1/cmtt/m/n/12 constr\T1/cmr/
m/n/12 (\T1/cmr/m/it/12 E2\T1/cmr/m/n/12 ) \T1/cmtt/m/n/12 constr\T1/cmr/m/n/12
 (\T1/cmr/m/it/12 E3\T1/cmr/m/n/12 ) \T1/cmtt/m/n/12 constr\T1/cmr/m/n/12 (\T1/
cmr/m/it/12 E4\T1/cmr/m/n/12 )
 []

[724] [725]
Overfull \hbox (15.39595pt too wide) in paragraph at lines 75010--75011
\T1/cmtt/m/n/12 Tactic Notation \T1/cmr/m/n/12 "ap-plys" "^^C" \T1/cmtt/m/n/12 
constr\T1/cmr/m/n/12 (\T1/cmr/m/it/12 E0\T1/cmr/m/n/12 ) \T1/cmtt/m/n/12 constr
\T1/cmr/m/n/12 (\T1/cmr/m/it/12 A1\T1/cmr/m/n/12 ) \T1/cmtt/m/n/12 constr\T1/cm
r/m/n/12 (\T1/cmr/m/it/12 A2\T1/cmr/m/n/12 ) \T1/cmtt/m/n/12 constr\T1/cmr/m/n/
12 (\T1/cmr/m/it/12 A3\T1/cmr/m/n/12 ) \T1/cmtt/m/n/12 constr\T1/cmr/m/n/12 (\T
1/cmr/m/it/12 A4\T1/cmr/m/n/12 )
 []


Overfull \hbox (15.39595pt too wide) in paragraph at lines 75014--75015
\T1/cmtt/m/n/12 Tactic Notation \T1/cmr/m/n/12 "ap-plys" "^^C" \T1/cmtt/m/n/12 
constr\T1/cmr/m/n/12 (\T1/cmr/m/it/12 E0\T1/cmr/m/n/12 ) \T1/cmtt/m/n/12 constr
\T1/cmr/m/n/12 (\T1/cmr/m/it/12 A1\T1/cmr/m/n/12 ) \T1/cmtt/m/n/12 constr\T1/cm
r/m/n/12 (\T1/cmr/m/it/12 A2\T1/cmr/m/n/12 ) \T1/cmtt/m/n/12 constr\T1/cmr/m/n/
12 (\T1/cmr/m/it/12 A3\T1/cmr/m/n/12 ) \T1/cmtt/m/n/12 constr\T1/cmr/m/n/12 (\T
1/cmr/m/it/12 A4\T1/cmr/m/n/12 )
 []

[726] [727] [728] [729] [730]
Overfull \hbox (5.62302pt too wide) in paragraph at lines 75441--75443
[]\T1/cmr/m/n/12 Exception: use \T1/cmr/m/it/12 subs$\OMS/cmsy/m/n/12 ^^B$ \T1/
cmr/m/n/12 in-stead of \T1/cmtt/m/n/12 subst$\OMS/cmsy/m/n/12 ^^B$ \T1/cmr/m/n/
12 if you im-port the li-brary \T1/cmr/m/it/12 Coq.Classes.Equivalence\T1/cmr/m
/n/12 .
 []


Underfull \hbox (badness 10000) in paragraph at lines 75441--75443

 []


Overfull \hbox (19.3377pt too wide) in paragraph at lines 75473--75474
\T1/cmtt/m/n/12 Tactic Notation \T1/cmr/m/n/12 "ap-plys[]eq" "*" \T1/cmtt/m/n/1
2 constr\T1/cmr/m/n/12 (\T1/cmr/m/it/12 H\T1/cmr/m/n/12 ) \T1/cmtt/m/n/12 const
r\T1/cmr/m/n/12 (\T1/cmr/m/it/12 n1\T1/cmr/m/n/12 ) \T1/cmtt/m/n/12 constr\T1/c
mr/m/n/12 (\T1/cmr/m/it/12 n2\T1/cmr/m/n/12 ) \T1/cmtt/m/n/12 constr\T1/cmr/m/n
/12 (\T1/cmr/m/it/12 n3\T1/cmr/m/n/12 ) \T1/cmtt/m/n/12 constr\T1/cmr/m/n/12 (\
T1/cmr/m/it/12 n4\T1/cmr/m/n/12 )
 []

[731]
Overfull \hbox (1.91045pt too wide) in paragraph at lines 75552--75553
\T1/cmtt/m/n/12 Tactic Notation \T1/cmr/m/n/12 "false" "*" \T1/cmtt/m/n/12 cons
tr\T1/cmr/m/n/12 (\T1/cmr/m/it/12 E0\T1/cmr/m/n/12 ) \T1/cmtt/m/n/12 constr\T1/
cmr/m/n/12 (\T1/cmr/m/it/12 E1\T1/cmr/m/n/12 ) \T1/cmtt/m/n/12 constr\T1/cmr/m/
n/12 (\T1/cmr/m/it/12 E2\T1/cmr/m/n/12 ) \T1/cmtt/m/n/12 constr\T1/cmr/m/n/12 (
\T1/cmr/m/it/12 E3\T1/cmr/m/n/12 ) \T1/cmtt/m/n/12 constr\T1/cmr/m/n/12 (\T1/cm
r/m/it/12 E4\T1/cmr/m/n/12 )
 []

[732] [733]
Overfull \hbox (15.39595pt too wide) in paragraph at lines 75740--75741
\T1/cmtt/m/n/12 Tactic Notation \T1/cmr/m/n/12 "ap-plys" "*" \T1/cmtt/m/n/12 co
nstr\T1/cmr/m/n/12 (\T1/cmr/m/it/12 E0\T1/cmr/m/n/12 ) \T1/cmtt/m/n/12 constr\T
1/cmr/m/n/12 (\T1/cmr/m/it/12 A1\T1/cmr/m/n/12 ) \T1/cmtt/m/n/12 constr\T1/cmr/
m/n/12 (\T1/cmr/m/it/12 A2\T1/cmr/m/n/12 ) \T1/cmtt/m/n/12 constr\T1/cmr/m/n/12
 (\T1/cmr/m/it/12 A3\T1/cmr/m/n/12 ) \T1/cmtt/m/n/12 constr\T1/cmr/m/n/12 (\T1/
cmr/m/it/12 A4\T1/cmr/m/n/12 )
 []


Overfull \hbox (15.39595pt too wide) in paragraph at lines 75744--75745
\T1/cmtt/m/n/12 Tactic Notation \T1/cmr/m/n/12 "ap-plys" "*" \T1/cmtt/m/n/12 co
nstr\T1/cmr/m/n/12 (\T1/cmr/m/it/12 E0\T1/cmr/m/n/12 ) \T1/cmtt/m/n/12 constr\T
1/cmr/m/n/12 (\T1/cmr/m/it/12 A1\T1/cmr/m/n/12 ) \T1/cmtt/m/n/12 constr\T1/cmr/
m/n/12 (\T1/cmr/m/it/12 A2\T1/cmr/m/n/12 ) \T1/cmtt/m/n/12 constr\T1/cmr/m/n/12
 (\T1/cmr/m/it/12 A3\T1/cmr/m/n/12 ) \T1/cmtt/m/n/12 constr\T1/cmr/m/n/12 (\T1/
cmr/m/it/12 A4\T1/cmr/m/n/12 )
 []

[734] [735] [736] [737] [738]
Overfull \hbox (5.6039pt too wide) in paragraph at lines 76153--76158
\T1/cmtt/m/n/12 (* ************************************************************
***********)
 []

[739] [740] [741] [742]
Overfull \hbox (35.85532pt too wide) in paragraph at lines 76509--76522
\T1/cmr/m/n/12 does not ap-pear in an-other hy-poth-e-sis nor in the goal.  \T1
/cmtt/m/n/12 (* todo:renametoclears[]var?*)
 []

[743]
Overfull \hbox (5.6039pt too wide) in paragraph at lines 76672--76677
\T1/cmtt/m/n/12 (* ************************************************************
***********)
 []

[744] [745] [746]
Overfull \hbox (5.6039pt too wide) in paragraph at lines 76965--76970
\T1/cmtt/m/n/12 (* ************************************************************
***********)
 []


LaTeX Font Warning: Font shape `T1/cmss/m/sc' in size <12> not available
(Font)              Font shape `T1/cmr/m/sc' tried instead on input line 76985.


[747] [748]
Chapter 35.
[749


] [750] [751] [752] [753] [754]

Package hyperref Warning: Token not allowed in a PDF string (PDFDocEncoding):
(hyperref)                removing `\exists' on input line 77823.

[755]
Overfull \hbox (20.33067pt too wide) in paragraph at lines 77899--77903
[]\T1/cmr/m/n/12 Remark: a sim-i-lar fa-cil-ity for n-ary ex-is-ten-tials is pr
o-vided by the mod-ule \T1/cmr/m/it/12 Coq.Program.Syntax
 []

[756] [757] [758] [759] [760] [761] [762] [763] [764] [765] [766] [767]
Overfull \hbox (5.09708pt too wide) in paragraph at lines 79360--79372
\T1/cmtt/m/n/12 (* old:destruct(typing[]inversion[]var[][][]Htypt)as\T1/cmtt/m/
it/12 T \T1/cmtt/m/n/12 [\T1/cmtt/m/it/12 Hctx Hsub\T1/cmtt/m/n/12 ].*)
 []

[768] [769] [770]
Chapter 36.
[771


] [772] [773] [774] [775] [776] [777] [778] [779] [780] [781] [782]
[783] [784] [785] [786] [787] [788]
Overfull \hbox (0.18658pt too wide) in paragraph at lines 81870--81875
[]\T1/cmr/m/n/12 Exercise: prove the lemma \T1/cmss/m/n/12 mul-ti-step[][]eval 
\T1/cmr/m/n/12 with-out in-vok-ing the lemma \T1/cmss/m/n/12 mul-ti-step[]eval[
]ind\T1/cmr/m/n/12 ,
 []

[789]
Overfull \hbox (33.51097pt too wide) in paragraph at lines 81987--81992
\T1/cmtt/m/n/12 (* old:subst; try \T1/cmtt/m/it/12 solve[]by[]invert\T1/cmtt/m/
n/12 ; inversion \T1/cmtt/m/it/12 Hstep\T1/cmtt/m/n/12 ; subst; try (eauto usin
g
 []

[790] [791] [792] [793] [794] [795] [796] [797] [798] [799] [800] [801]
[802]
Overfull \hbox (17.53891pt too wide) in paragraph at lines 83910--83926
\T1/cmtt/m/n/12 intros\T1/cmr/m/n/12 . \T1/cmtt/m/n/12 (* debug*) eauto\T1/cmr/
m/n/12 . \T1/cmtt/m/n/12 (* Thetraceshowstheexternalhintbeingused*)
 []

[803] [804] [805] [806]
Chapter 37.
[807


] [808] [809] [810] [811] [812] [813] [814] [815] [816] [817] [818]
[819] [820] [821] [822] [823] [824] [825] [826] [827] [828] [829] [830]
[831] [832] [833] [834] [835] [836] [837] [838] [839] [840]
Chapter 38.
[841


] [842] [843]
Overfull \hbox (6.00375pt too wide) in paragraph at lines 88044--88048
\T1/cmr/m/n/12 curely sign-ing state-ments, a pass-word hasher, a multi-user tr
usted counter, and a differentially-
 []

(/usr/local/texlive/2016basic/texmf-dist/tex/latex/ucs/data/uni-32.def
File: uni-32.def 2013/05/13 UCS: Unicode data U+2000..U+20FF
)
[844] [845]
Overfull \hbox (13.36617pt too wide) in paragraph at lines 88248--88250
[]\T1/cmr/m/n/12 Real World Haskell, by Bryan O'Sullivan, John Go-erzen, and Do
n Stew-art \T1/cmr/m/it/12 O'Sullivan
 []

[846] [847]
Chapter 39.
(/usr/local/texlive/2016basic/texmf-dist/tex/latex/ucs/data/uni-0.def
File: uni-0.def 2013/05/13 UCS: Unicode data U+0000..U+00FF
) [848


]
Package atveryend Info: Empty hook `BeforeClearDocument' on input line 88409.

[849]
Package atveryend Info: Empty hook `AfterLastShipout' on input line 88409.
 (./all.aux)
Package atveryend Info: Executing hook `AtVeryEndDocument' on input line 88409.

Package atveryend Info: Executing hook `AtEndAfterFileList' on input line 88409
.
Package rerunfilecheck Info: File `all.out' has not changed.
(rerunfilecheck)             Checksum: 62B4AE39CB8E596B53DC5374913436DB;39130.
Package atveryend Info: Empty hook `AtVeryVeryEnd' on input line 88409.
 ) 
Here is how much of TeX's memory you used:
 10996 strings out of 494432
 149357 string characters out of 6166577
 194463 words of memory out of 5000000
 11882 multiletter control sequences out of 15000+600000
 31067 words of font info for 77 fonts, out of 8000000 for 9000
 319 hyphenation exceptions out of 8191
 35i,8n,31p,876b,812s stack positions out of 5000i,500n,10000p,200000b,80000s
 </Users/lorenklingman/Library/texlive/2016basic/texmf-var/fonts/pk/ljfour/jk
nappen/ec/eccc1200.600pk> </Users/lorenklingman/Library/texlive/2016basic/texmf
-var/fonts/pk/ljfour/jknappen/ec/ecbi1200.600pk> </Users/lorenklingman/Library/
texlive/2016basic/texmf-var/fonts/pk/ljfour/jknappen/ec/ectt1000.600pk> </Users
/lorenklingman/Library/texlive/2016basic/texmf-var/fonts/pk/ljfour/jknappen/ec/
ecrm0700.600pk> </Users/lorenklingman/Library/texlive/2016basic/texmf-var/fonts
/pk/ljfour/jknappen/ec/ecrm0800.600pk> </Users/lorenklingman/Library/texlive/20
16basic/texmf-var/fonts/pk/ljfour/jknappen/ec/ecbi1728.600pk> </Users/lorenklin
gman/Library/texlive/2016basic/texmf-var/fonts/pk/ljfour/jknappen/ec/ecsx1440.6
00pk> </Users/lorenklingman/Library/texlive/2016basic/texmf-var/fonts/pk/ljfour
/jknappen/ec/ecbi1440.600pk> </Users/lorenklingman/Library/texlive/2016basic/te
xmf-var/fonts/pk/ljfour/jknappen/ec/ectt1728.600pk> </Users/lorenklingman/Libra
ry/texlive/2016basic/texmf-var/fonts/pk/ljfour/jknappen/ec/ectt1440.600pk> </Us
ers/lorenklingman/Library/texlive/2016basic/texmf-var/fonts/pk/ljfour/jknappen/
ec/ecsi1200.600pk> </Users/lorenklingman/Library/texlive/2016basic/texmf-var/fo
nts/pk/ljfour/jknappen/ec/ecit1200.600pk> </Users/lorenklingman/Library/texlive
/2016basic/texmf-var/fonts/pk/ljfour/jknappen/ec/ecbx1440.600pk> </Users/lorenk
lingman/Library/texlive/2016basic/texmf-var/fonts/pk/ljfour/jknappen/ec/ecbx172
8.600pk> </Users/lorenklingman/Library/texlive/2016basic/texmf-var/fonts/pk/ljf
our/jknappen/ec/ecsx2488.600pk> </Users/lorenklingman/Library/texlive/2016basic
/texmf-var/fonts/pk/ljfour/jknappen/ec/ecss1200.600pk> </Users/lorenklingman/Li
brary/texlive/2016basic/texmf-var/fonts/pk/ljfour/jknappen/ec/ecti1200.600pk> <
/Users/lorenklingman/Library/texlive/2016basic/texmf-var/fonts/pk/ljfour/jknapp
en/ec/ectt1200.600pk> </Users/lorenklingman/Library/texlive/2016basic/texmf-var
/fonts/pk/ljfour/jknappen/ec/ecrm1200.600pk> </Users/lorenklingman/Library/texl
ive/2016basic/texmf-var/fonts/pk/ljfour/jknappen/ec/ecsx1200.600pk> </Users/lor
enklingman/Library/texlive/2016basic/texmf-var/fonts/pk/ljfour/jknappen/ec/ecbx
1200.600pk> </Users/lorenklingman/Library/texlive/2016basic/texmf-var/fonts/pk/
ljfour/jknappen/ec/ecbx2488.600pk></usr/local/texlive/2016basic/texmf-dist/font
s/type1/public/amsfonts/cm/cmmi12.pfb></usr/local/texlive/2016basic/texmf-dist/
fonts/type1/public/amsfonts/cm/cmr12.pfb></usr/local/texlive/2016basic/texmf-di
st/fonts/type1/public/amsfonts/cm/cmsy10.pfb></usr/local/texlive/2016basic/texm
f-dist/fonts/type1/public/amsfonts/symbols/msam10.pfb>
Output written on all.pdf (849 pages, 2403291 bytes).
PDF statistics:
 9542 PDF objects out of 10688 (max. 8388607)
 7716 compressed objects within 78 object streams
 2340 named destinations out of 2487 (max. 500000)
 4273 words of extra memory for PDF output out of 10000 (max. 10000000)

